<?xml version="1.0" encoding="UTF-8"?>
<!-- Generated by org.testng.reporters.JUnitReportReporter -->
<testsuite hostname="Mac" failures="0" tests="5" name="runner.TestRunner" time="32.785" errors="0" timestamp="2025-05-06T11:02:11 BRT" skipped="0">
  <testcase classname="runner.TestRunner" name="runScenario" time="8.451"/>
  <testcase classname="runner.TestRunner" name="runScenario" time="4.724"/>
  <testcase classname="runner.TestRunner" name="runScenario" time="5.913"/>
  <testcase classname="runner.TestRunner" name="runScenario" time="7.726"/>
  <testcase classname="runner.TestRunner" name="runScenario" time="5.971"/>
</testsuite> <!-- runner.TestRunner -->
